CRITICAL - 2024-03-19 13:47:11 --> CodeIgniter\View\Exceptions\ViewException: Invalid file: "cliente/listado.php"
in SYSTEMPATH\Exceptions\FrameworkException.php on line 39.
 1 SYSTEMPATH\View\View.php(216): CodeIgniter\Exceptions\FrameworkException::forInvalidFile('cliente/listado.php')
 2 SYSTEMPATH\Common.php(1178): CodeIgniter\View\View->render('cliente/listado', [], true)
 3 APPPATH\Controllers\ClienteController.php(12): view('cliente/listado', [...])
 4 SYSTEMPATH\CodeIgniter.php(941): App\Controllers\ClienteController->listado()
 5 SYSTEMPATH\CodeIgniter.php(502): CodeIgniter\CodeIgniter->runController(Object(App\Controllers\ClienteController))
 6 SYSTEMPATH\CodeIgniter.php(361): CodeIgniter\CodeIgniter->handleRequest(null, Object(Config\Cache), false)
 7 FCPATH\index.php(79): CodeIgniter\CodeIgniter->run()
CRITICAL - 2024-03-19 13:47:21 --> CodeIgniter\View\Exceptions\ViewException: Invalid file: "cliente/listado.php"
in SYSTEMPATH\Exceptions\FrameworkException.php on line 39.
 1 SYSTEMPATH\View\View.php(216): CodeIgniter\Exceptions\FrameworkException::forInvalidFile('cliente/listado.php')
 2 SYSTEMPATH\Common.php(1178): CodeIgniter\View\View->render('cliente/listado', [], true)
 3 APPPATH\Controllers\ClienteController.php(12): view('cliente/listado', [...])
 4 SYSTEMPATH\CodeIgniter.php(941): App\Controllers\ClienteController->listado()
 5 SYSTEMPATH\CodeIgniter.php(502): CodeIgniter\CodeIgniter->runController(Object(App\Controllers\ClienteController))
 6 SYSTEMPATH\CodeIgniter.php(361): CodeIgniter\CodeIgniter->handleRequest(null, Object(Config\Cache), false)
 7 FCPATH\index.php(79): CodeIgniter\CodeIgniter->run()
CRITICAL - 2024-03-19 13:47:25 --> CodeIgniter\View\Exceptions\ViewException: Invalid file: "cliente/listado.php"
in SYSTEMPATH\Exceptions\FrameworkException.php on line 39.
 1 SYSTEMPATH\View\View.php(216): CodeIgniter\Exceptions\FrameworkException::forInvalidFile('cliente/listado.php')
 2 SYSTEMPATH\Common.php(1178): CodeIgniter\View\View->render('cliente/listado', [], true)
 3 APPPATH\Controllers\ClienteController.php(12): view('cliente/listado', [...])
 4 SYSTEMPATH\CodeIgniter.php(941): App\Controllers\ClienteController->listado()
 5 SYSTEMPATH\CodeIgniter.php(502): CodeIgniter\CodeIgniter->runController(Object(App\Controllers\ClienteController))
 6 SYSTEMPATH\CodeIgniter.php(361): CodeIgniter\CodeIgniter->handleRequest(null, Object(Config\Cache), false)
 7 FCPATH\index.php(79): CodeIgniter\CodeIgniter->run()
CRITICAL - 2024-03-19 16:49:05 --> CodeIgniter\View\Exceptions\ViewException: Invalid file: "cliente/listado.php"
in SYSTEMPATH\Exceptions\FrameworkException.php on line 39.
 1 SYSTEMPATH\View\View.php(216): CodeIgniter\Exceptions\FrameworkException::forInvalidFile('cliente/listado.php')
 2 SYSTEMPATH\Common.php(1178): CodeIgniter\View\View->render('cliente/listado', [], true)
 3 APPPATH\Controllers\ClienteController.php(12): view('cliente/listado', [...])
 4 SYSTEMPATH\CodeIgniter.php(941): App\Controllers\ClienteController->listado()
 5 SYSTEMPATH\CodeIgniter.php(502): CodeIgniter\CodeIgniter->runController(Object(App\Controllers\ClienteController))
 6 SYSTEMPATH\CodeIgniter.php(361): CodeIgniter\CodeIgniter->handleRequest(null, Object(Config\Cache), false)
 7 FCPATH\index.php(79): CodeIgniter\CodeIgniter->run()
