ERROR - 2024-04-03 14:41:07 --> mysqli_sql_exception: Unknown column 'tipoDispositivo' in 'field list' in C:\xampp\htdocs\computrack\system\Database\MySQLi\Connection.php:306
Stack trace:
#0 C:\xampp\htdocs\computrack\system\Database\MySQLi\Connection.php(306): mysqli->query('INSERT INTO `di...', 0)
#1 C:\xampp\htdocs\computrack\system\Database\BaseConnection.php(693): CodeIgniter\Database\MySQLi\Connection->execute('INSERT INTO `di...')
#2 C:\xampp\htdocs\computrack\system\Database\BaseConnection.php(607): CodeIgniter\Database\BaseConnection->simpleQuery('INSERT INTO `di...')
#3 C:\xampp\htdocs\computrack\system\Database\BaseBuilder.php(2307): CodeIgniter\Database\BaseConnection->query('INSERT INTO `di...', Array, false)
#4 C:\xampp\htdocs\computrack\system\Model.php(326): CodeIgniter\Database\BaseBuilder->insert()
#5 C:\xampp\htdocs\computrack\system\BaseModel.php(802): CodeIgniter\Model->doInsert(Array)
#6 C:\xampp\htdocs\computrack\system\Model.php(744): CodeIgniter\BaseModel->insert(Array, true)
#7 C:\xampp\htdocs\computrack\app\Controllers\DispositivoController.php(78): CodeIgniter\Model->insert(Array)
#8 C:\xampp\htdocs\computrack\system\CodeIgniter.php(941): App\Controllers\DispositivoController->registrarDispositivo()
#9 C:\xampp\htdocs\computrack\system\CodeIgniter.php(502): CodeIgniter\CodeIgniter->runController(Object(App\Controllers\DispositivoController))
#10 C:\xampp\htdocs\computrack\system\CodeIgniter.php(361): CodeIgniter\CodeIgniter->handleRequest(NULL, Object(Config\Cache), false)
#11 C:\xampp\htdocs\computrack\public\index.php(79): CodeIgniter\CodeIgniter->run()
#12 {main}
CRITICAL - 2024-04-03 14:41:07 --> CodeIgniter\Database\Exceptions\DatabaseException: Unknown column 'tipoDispositivo' in 'field list'
in SYSTEMPATH\Database\BaseConnection.php on line 647.
 1 SYSTEMPATH\Database\BaseBuilder.php(2307): CodeIgniter\Database\BaseConnection->query('INSERT INTO `dispositivos` (`tipoDispositivo`, `marca`, `modelo`, `color`, `serial`, `diagnostico`, `cliente_id`) VALUES (:tipoDispositivo:, :marca:, :modelo:, :color:, :serial:, :diagnostico:, :cliente_id:)', [...], false)
 2 SYSTEMPATH\Model.php(326): CodeIgniter\Database\BaseBuilder->insert()
 3 SYSTEMPATH\BaseModel.php(802): CodeIgniter\Model->doInsert([...])
 4 SYSTEMPATH\Model.php(744): CodeIgniter\BaseModel->insert([...], true)
 5 APPPATH\Controllers\DispositivoController.php(78): CodeIgniter\Model->insert([...])
 6 SYSTEMPATH\CodeIgniter.php(941): App\Controllers\DispositivoController->registrarDispositivo()
 7 SYSTEMPATH\CodeIgniter.php(502): CodeIgniter\CodeIgniter->runController(Object(App\Controllers\DispositivoController))
 8 SYSTEMPATH\CodeIgniter.php(361): CodeIgniter\CodeIgniter->handleRequest(null, Object(Config\Cache), false)
 9 FCPATH\index.php(79): CodeIgniter\CodeIgniter->run()
CRITICAL - 2024-04-03 14:41:07 --> [Caused by] CodeIgniter\Database\Exceptions\DatabaseException: Unknown column 'tipoDispositivo' in 'field list'
in SYSTEMPATH\Database\MySQLi\Connection.php on line 311.
 1 SYSTEMPATH\Database\BaseConnection.php(693): CodeIgniter\Database\MySQLi\Connection->execute('INSERT INTO `dispositivos` (`tipoDispositivo`, `marca`, `modelo`, `color`, `serial`, `diagnostico`, `cliente_id`) VALUES (\'portatil\', \'acer\', \'2020\', \'azul\', \'12342453\', \'bisagras\', \'2\')')
 2 SYSTEMPATH\Database\BaseConnection.php(607): CodeIgniter\Database\BaseConnection->simpleQuery('INSERT INTO `dispositivos` (`tipoDispositivo`, `marca`, `modelo`, `color`, `serial`, `diagnostico`, `cliente_id`) VALUES (\'portatil\', \'acer\', \'2020\', \'azul\', \'12342453\', \'bisagras\', \'2\')')
 3 SYSTEMPATH\Database\BaseBuilder.php(2307): CodeIgniter\Database\BaseConnection->query('INSERT INTO `dispositivos` (`tipoDispositivo`, `marca`, `modelo`, `color`, `serial`, `diagnostico`, `cliente_id`) VALUES (:tipoDispositivo:, :marca:, :modelo:, :color:, :serial:, :diagnostico:, :cliente_id:)', [...], false)
 4 SYSTEMPATH\Model.php(326): CodeIgniter\Database\BaseBuilder->insert()
 5 SYSTEMPATH\BaseModel.php(802): CodeIgniter\Model->doInsert([...])
 6 SYSTEMPATH\Model.php(744): CodeIgniter\BaseModel->insert([...], true)
 7 APPPATH\Controllers\DispositivoController.php(78): CodeIgniter\Model->insert([...])
 8 SYSTEMPATH\CodeIgniter.php(941): App\Controllers\DispositivoController->registrarDispositivo()
 9 SYSTEMPATH\CodeIgniter.php(502): CodeIgniter\CodeIgniter->runController(Object(App\Controllers\DispositivoController))
10 SYSTEMPATH\CodeIgniter.php(361): CodeIgniter\CodeIgniter->handleRequest(null, Object(Config\Cache), false)
11 FCPATH\index.php(79): CodeIgniter\CodeIgniter->run()
CRITICAL - 2024-04-03 14:41:07 --> [Caused by] mysqli_sql_exception: Unknown column 'tipoDispositivo' in 'field list'
in SYSTEMPATH\Database\MySQLi\Connection.php on line 306.
 1 SYSTEMPATH\Database\MySQLi\Connection.php(306): mysqli->query('INSERT INTO `dispositivos` (`tipoDispositivo`, `marca`, `modelo`, `color`, `serial`, `diagnostico`, `cliente_id`) VALUES (\'portatil\', \'acer\', \'2020\', \'azul\', \'12342453\', \'bisagras\', \'2\')', 0)
 2 SYSTEMPATH\Database\BaseConnection.php(693): CodeIgniter\Database\MySQLi\Connection->execute('INSERT INTO `dispositivos` (`tipoDispositivo`, `marca`, `modelo`, `color`, `serial`, `diagnostico`, `cliente_id`) VALUES (\'portatil\', \'acer\', \'2020\', \'azul\', \'12342453\', \'bisagras\', \'2\')')
 3 SYSTEMPATH\Database\BaseConnection.php(607): CodeIgniter\Database\BaseConnection->simpleQuery('INSERT INTO `dispositivos` (`tipoDispositivo`, `marca`, `modelo`, `color`, `serial`, `diagnostico`, `cliente_id`) VALUES (\'portatil\', \'acer\', \'2020\', \'azul\', \'12342453\', \'bisagras\', \'2\')')
 4 SYSTEMPATH\Database\BaseBuilder.php(2307): CodeIgniter\Database\BaseConnection->query('INSERT INTO `dispositivos` (`tipoDispositivo`, `marca`, `modelo`, `color`, `serial`, `diagnostico`, `cliente_id`) VALUES (:tipoDispositivo:, :marca:, :modelo:, :color:, :serial:, :diagnostico:, :cliente_id:)', [...], false)
 5 SYSTEMPATH\Model.php(326): CodeIgniter\Database\BaseBuilder->insert()
 6 SYSTEMPATH\BaseModel.php(802): CodeIgniter\Model->doInsert([...])
 7 SYSTEMPATH\Model.php(744): CodeIgniter\BaseModel->insert([...], true)
 8 APPPATH\Controllers\DispositivoController.php(78): CodeIgniter\Model->insert([...])
 9 SYSTEMPATH\CodeIgniter.php(941): App\Controllers\DispositivoController->registrarDispositivo()
10 SYSTEMPATH\CodeIgniter.php(502): CodeIgniter\CodeIgniter->runController(Object(App\Controllers\DispositivoController))
11 SYSTEMPATH\CodeIgniter.php(361): CodeIgniter\CodeIgniter->handleRequest(null, Object(Config\Cache), false)
12 FCPATH\index.php(79): CodeIgniter\CodeIgniter->run()
INFO - 2024-04-03 14:42:06 --> REDIRECTED ROUTE at http://localhost/computrack/public/facturas/crear
CRITICAL - 2024-04-03 15:05:59 --> Error: Class "app\Models\ClienteModel" not found
in APPPATH\Controllers\OrdenController.php on line 38.
 1 SYSTEMPATH\CodeIgniter.php(941): App\Controllers\OrdenController->buscarDispositivos()
 2 SYSTEMPATH\CodeIgniter.php(502): CodeIgniter\CodeIgniter->runController(Object(App\Controllers\OrdenController))
 3 SYSTEMPATH\CodeIgniter.php(361): CodeIgniter\CodeIgniter->handleRequest(null, Object(Config\Cache), false)
 4 FCPATH\index.php(79): CodeIgniter\CodeIgniter->run()
CRITICAL - 2024-04-03 15:06:03 --> Error: Class "app\Models\ClienteModel" not found
in APPPATH\Controllers\OrdenController.php on line 38.
 1 SYSTEMPATH\CodeIgniter.php(941): App\Controllers\OrdenController->buscarDispositivos()
 2 SYSTEMPATH\CodeIgniter.php(502): CodeIgniter\CodeIgniter->runController(Object(App\Controllers\OrdenController))
 3 SYSTEMPATH\CodeIgniter.php(361): CodeIgniter\CodeIgniter->handleRequest(null, Object(Config\Cache), false)
 4 FCPATH\index.php(79): CodeIgniter\CodeIgniter->run()
ERROR - 2024-04-03 15:06:55 --> mysqli_sql_exception: Unknown column 'tipoDispositivo' in 'field list' in C:\xampp\htdocs\computrack\system\Database\MySQLi\Connection.php:306
Stack trace:
#0 C:\xampp\htdocs\computrack\system\Database\MySQLi\Connection.php(306): mysqli->query('INSERT INTO `di...', 0)
#1 C:\xampp\htdocs\computrack\system\Database\BaseConnection.php(693): CodeIgniter\Database\MySQLi\Connection->execute('INSERT INTO `di...')
#2 C:\xampp\htdocs\computrack\system\Database\BaseConnection.php(607): CodeIgniter\Database\BaseConnection->simpleQuery('INSERT INTO `di...')
#3 C:\xampp\htdocs\computrack\system\Database\BaseBuilder.php(2307): CodeIgniter\Database\BaseConnection->query('INSERT INTO `di...', Array, false)
#4 C:\xampp\htdocs\computrack\system\Model.php(326): CodeIgniter\Database\BaseBuilder->insert()
#5 C:\xampp\htdocs\computrack\system\BaseModel.php(802): CodeIgniter\Model->doInsert(Array)
#6 C:\xampp\htdocs\computrack\system\Model.php(744): CodeIgniter\BaseModel->insert(Array, true)
#7 C:\xampp\htdocs\computrack\app\Controllers\DispositivoController.php(78): CodeIgniter\Model->insert(Array)
#8 C:\xampp\htdocs\computrack\system\CodeIgniter.php(941): App\Controllers\DispositivoController->registrarDispositivo()
#9 C:\xampp\htdocs\computrack\system\CodeIgniter.php(502): CodeIgniter\CodeIgniter->runController(Object(App\Controllers\DispositivoController))
#10 C:\xampp\htdocs\computrack\system\CodeIgniter.php(361): CodeIgniter\CodeIgniter->handleRequest(NULL, Object(Config\Cache), false)
#11 C:\xampp\htdocs\computrack\public\index.php(79): CodeIgniter\CodeIgniter->run()
#12 {main}
CRITICAL - 2024-04-03 15:06:55 --> CodeIgniter\Database\Exceptions\DatabaseException: Unknown column 'tipoDispositivo' in 'field list'
in SYSTEMPATH\Database\BaseConnection.php on line 647.
 1 SYSTEMPATH\Database\BaseBuilder.php(2307): CodeIgniter\Database\BaseConnection->query('INSERT INTO `dispositivos` (`tipoDispositivo`, `marca`, `modelo`, `color`, `serial`, `diagnostico`, `cliente_id`) VALUES (:tipoDispositivo:, :marca:, :modelo:, :color:, :serial:, :diagnostico:, :cliente_id:)', [...], false)
 2 SYSTEMPATH\Model.php(326): CodeIgniter\Database\BaseBuilder->insert()
 3 SYSTEMPATH\BaseModel.php(802): CodeIgniter\Model->doInsert([...])
 4 SYSTEMPATH\Model.php(744): CodeIgniter\BaseModel->insert([...], true)
 5 APPPATH\Controllers\DispositivoController.php(78): CodeIgniter\Model->insert([...])
 6 SYSTEMPATH\CodeIgniter.php(941): App\Controllers\DispositivoController->registrarDispositivo()
 7 SYSTEMPATH\CodeIgniter.php(502): CodeIgniter\CodeIgniter->runController(Object(App\Controllers\DispositivoController))
 8 SYSTEMPATH\CodeIgniter.php(361): CodeIgniter\CodeIgniter->handleRequest(null, Object(Config\Cache), false)
 9 FCPATH\index.php(79): CodeIgniter\CodeIgniter->run()
CRITICAL - 2024-04-03 15:06:55 --> [Caused by] CodeIgniter\Database\Exceptions\DatabaseException: Unknown column 'tipoDispositivo' in 'field list'
in SYSTEMPATH\Database\MySQLi\Connection.php on line 311.
 1 SYSTEMPATH\Database\BaseConnection.php(693): CodeIgniter\Database\MySQLi\Connection->execute('INSERT INTO `dispositivos` (`tipoDispositivo`, `marca`, `modelo`, `color`, `serial`, `diagnostico`, `cliente_id`) VALUES (\'portatil\', \'acer\', \'2020\', \'azul\', \'12345324\', \'teclado dañado\', \'2\')')
 2 SYSTEMPATH\Database\BaseConnection.php(607): CodeIgniter\Database\BaseConnection->simpleQuery('INSERT INTO `dispositivos` (`tipoDispositivo`, `marca`, `modelo`, `color`, `serial`, `diagnostico`, `cliente_id`) VALUES (\'portatil\', \'acer\', \'2020\', \'azul\', \'12345324\', \'teclado dañado\', \'2\')')
 3 SYSTEMPATH\Database\BaseBuilder.php(2307): CodeIgniter\Database\BaseConnection->query('INSERT INTO `dispositivos` (`tipoDispositivo`, `marca`, `modelo`, `color`, `serial`, `diagnostico`, `cliente_id`) VALUES (:tipoDispositivo:, :marca:, :modelo:, :color:, :serial:, :diagnostico:, :cliente_id:)', [...], false)
 4 SYSTEMPATH\Model.php(326): CodeIgniter\Database\BaseBuilder->insert()
 5 SYSTEMPATH\BaseModel.php(802): CodeIgniter\Model->doInsert([...])
 6 SYSTEMPATH\Model.php(744): CodeIgniter\BaseModel->insert([...], true)
 7 APPPATH\Controllers\DispositivoController.php(78): CodeIgniter\Model->insert([...])
 8 SYSTEMPATH\CodeIgniter.php(941): App\Controllers\DispositivoController->registrarDispositivo()
 9 SYSTEMPATH\CodeIgniter.php(502): CodeIgniter\CodeIgniter->runController(Object(App\Controllers\DispositivoController))
10 SYSTEMPATH\CodeIgniter.php(361): CodeIgniter\CodeIgniter->handleRequest(null, Object(Config\Cache), false)
11 FCPATH\index.php(79): CodeIgniter\CodeIgniter->run()
CRITICAL - 2024-04-03 15:06:55 --> [Caused by] mysqli_sql_exception: Unknown column 'tipoDispositivo' in 'field list'
in SYSTEMPATH\Database\MySQLi\Connection.php on line 306.
 1 SYSTEMPATH\Database\MySQLi\Connection.php(306): mysqli->query('INSERT INTO `dispositivos` (`tipoDispositivo`, `marca`, `modelo`, `color`, `serial`, `diagnostico`, `cliente_id`) VALUES (\'portatil\', \'acer\', \'2020\', \'azul\', \'12345324\', \'teclado dañado\', \'2\')', 0)
 2 SYSTEMPATH\Database\BaseConnection.php(693): CodeIgniter\Database\MySQLi\Connection->execute('INSERT INTO `dispositivos` (`tipoDispositivo`, `marca`, `modelo`, `color`, `serial`, `diagnostico`, `cliente_id`) VALUES (\'portatil\', \'acer\', \'2020\', \'azul\', \'12345324\', \'teclado dañado\', \'2\')')
 3 SYSTEMPATH\Database\BaseConnection.php(607): CodeIgniter\Database\BaseConnection->simpleQuery('INSERT INTO `dispositivos` (`tipoDispositivo`, `marca`, `modelo`, `color`, `serial`, `diagnostico`, `cliente_id`) VALUES (\'portatil\', \'acer\', \'2020\', \'azul\', \'12345324\', \'teclado dañado\', \'2\')')
 4 SYSTEMPATH\Database\BaseBuilder.php(2307): CodeIgniter\Database\BaseConnection->query('INSERT INTO `dispositivos` (`tipoDispositivo`, `marca`, `modelo`, `color`, `serial`, `diagnostico`, `cliente_id`) VALUES (:tipoDispositivo:, :marca:, :modelo:, :color:, :serial:, :diagnostico:, :cliente_id:)', [...], false)
 5 SYSTEMPATH\Model.php(326): CodeIgniter\Database\BaseBuilder->insert()
 6 SYSTEMPATH\BaseModel.php(802): CodeIgniter\Model->doInsert([...])
 7 SYSTEMPATH\Model.php(744): CodeIgniter\BaseModel->insert([...], true)
 8 APPPATH\Controllers\DispositivoController.php(78): CodeIgniter\Model->insert([...])
 9 SYSTEMPATH\CodeIgniter.php(941): App\Controllers\DispositivoController->registrarDispositivo()
10 SYSTEMPATH\CodeIgniter.php(502): CodeIgniter\CodeIgniter->runController(Object(App\Controllers\DispositivoController))
11 SYSTEMPATH\CodeIgniter.php(361): CodeIgniter\CodeIgniter->handleRequest(null, Object(Config\Cache), false)
12 FCPATH\index.php(79): CodeIgniter\CodeIgniter->run()
ERROR - 2024-04-03 17:05:29 --> mysqli_sql_exception: Unknown column 'tipoDispositivo' in 'field list' in C:\xampp\htdocs\computrack\system\Database\MySQLi\Connection.php:306
Stack trace:
#0 C:\xampp\htdocs\computrack\system\Database\MySQLi\Connection.php(306): mysqli->query('INSERT INTO `di...', 0)
#1 C:\xampp\htdocs\computrack\system\Database\BaseConnection.php(693): CodeIgniter\Database\MySQLi\Connection->execute('INSERT INTO `di...')
#2 C:\xampp\htdocs\computrack\system\Database\BaseConnection.php(607): CodeIgniter\Database\BaseConnection->simpleQuery('INSERT INTO `di...')
#3 C:\xampp\htdocs\computrack\system\Database\BaseBuilder.php(2307): CodeIgniter\Database\BaseConnection->query('INSERT INTO `di...', Array, false)
#4 C:\xampp\htdocs\computrack\system\Model.php(326): CodeIgniter\Database\BaseBuilder->insert()
#5 C:\xampp\htdocs\computrack\system\BaseModel.php(802): CodeIgniter\Model->doInsert(Array)
#6 C:\xampp\htdocs\computrack\system\Model.php(744): CodeIgniter\BaseModel->insert(Array, true)
#7 C:\xampp\htdocs\computrack\app\Controllers\DispositivoController.php(78): CodeIgniter\Model->insert(Array)
#8 C:\xampp\htdocs\computrack\system\CodeIgniter.php(941): App\Controllers\DispositivoController->registrarDispositivo()
#9 C:\xampp\htdocs\computrack\system\CodeIgniter.php(502): CodeIgniter\CodeIgniter->runController(Object(App\Controllers\DispositivoController))
#10 C:\xampp\htdocs\computrack\system\CodeIgniter.php(361): CodeIgniter\CodeIgniter->handleRequest(NULL, Object(Config\Cache), false)
#11 C:\xampp\htdocs\computrack\public\index.php(79): CodeIgniter\CodeIgniter->run()
#12 {main}
CRITICAL - 2024-04-03 17:05:29 --> CodeIgniter\Database\Exceptions\DatabaseException: Unknown column 'tipoDispositivo' in 'field list'
in SYSTEMPATH\Database\BaseConnection.php on line 647.
 1 SYSTEMPATH\Database\BaseBuilder.php(2307): CodeIgniter\Database\BaseConnection->query('INSERT INTO `dispositivos` (`tipoDispositivo`, `marca`, `modelo`, `color`, `serial`, `diagnostico`, `cliente_id`) VALUES (:tipoDispositivo:, :marca:, :modelo:, :color:, :serial:, :diagnostico:, :cliente_id:)', [...], false)
 2 SYSTEMPATH\Model.php(326): CodeIgniter\Database\BaseBuilder->insert()
 3 SYSTEMPATH\BaseModel.php(802): CodeIgniter\Model->doInsert([...])
 4 SYSTEMPATH\Model.php(744): CodeIgniter\BaseModel->insert([...], true)
 5 APPPATH\Controllers\DispositivoController.php(78): CodeIgniter\Model->insert([...])
 6 SYSTEMPATH\CodeIgniter.php(941): App\Controllers\DispositivoController->registrarDispositivo()
 7 SYSTEMPATH\CodeIgniter.php(502): CodeIgniter\CodeIgniter->runController(Object(App\Controllers\DispositivoController))
 8 SYSTEMPATH\CodeIgniter.php(361): CodeIgniter\CodeIgniter->handleRequest(null, Object(Config\Cache), false)
 9 FCPATH\index.php(79): CodeIgniter\CodeIgniter->run()
CRITICAL - 2024-04-03 17:05:29 --> [Caused by] CodeIgniter\Database\Exceptions\DatabaseException: Unknown column 'tipoDispositivo' in 'field list'
in SYSTEMPATH\Database\MySQLi\Connection.php on line 311.
 1 SYSTEMPATH\Database\BaseConnection.php(693): CodeIgniter\Database\MySQLi\Connection->execute('INSERT INTO `dispositivos` (`tipoDispositivo`, `marca`, `modelo`, `color`, `serial`, `diagnostico`, `cliente_id`) VALUES (\'portatil\', \'acer\', \'2020\', \'azul\', \'112314252\', \'pantalla\', \'2\')')
 2 SYSTEMPATH\Database\BaseConnection.php(607): CodeIgniter\Database\BaseConnection->simpleQuery('INSERT INTO `dispositivos` (`tipoDispositivo`, `marca`, `modelo`, `color`, `serial`, `diagnostico`, `cliente_id`) VALUES (\'portatil\', \'acer\', \'2020\', \'azul\', \'112314252\', \'pantalla\', \'2\')')
 3 SYSTEMPATH\Database\BaseBuilder.php(2307): CodeIgniter\Database\BaseConnection->query('INSERT INTO `dispositivos` (`tipoDispositivo`, `marca`, `modelo`, `color`, `serial`, `diagnostico`, `cliente_id`) VALUES (:tipoDispositivo:, :marca:, :modelo:, :color:, :serial:, :diagnostico:, :cliente_id:)', [...], false)
 4 SYSTEMPATH\Model.php(326): CodeIgniter\Database\BaseBuilder->insert()
 5 SYSTEMPATH\BaseModel.php(802): CodeIgniter\Model->doInsert([...])
 6 SYSTEMPATH\Model.php(744): CodeIgniter\BaseModel->insert([...], true)
 7 APPPATH\Controllers\DispositivoController.php(78): CodeIgniter\Model->insert([...])
 8 SYSTEMPATH\CodeIgniter.php(941): App\Controllers\DispositivoController->registrarDispositivo()
 9 SYSTEMPATH\CodeIgniter.php(502): CodeIgniter\CodeIgniter->runController(Object(App\Controllers\DispositivoController))
10 SYSTEMPATH\CodeIgniter.php(361): CodeIgniter\CodeIgniter->handleRequest(null, Object(Config\Cache), false)
11 FCPATH\index.php(79): CodeIgniter\CodeIgniter->run()
CRITICAL - 2024-04-03 17:05:29 --> [Caused by] mysqli_sql_exception: Unknown column 'tipoDispositivo' in 'field list'
in SYSTEMPATH\Database\MySQLi\Connection.php on line 306.
 1 SYSTEMPATH\Database\MySQLi\Connection.php(306): mysqli->query('INSERT INTO `dispositivos` (`tipoDispositivo`, `marca`, `modelo`, `color`, `serial`, `diagnostico`, `cliente_id`) VALUES (\'portatil\', \'acer\', \'2020\', \'azul\', \'112314252\', \'pantalla\', \'2\')', 0)
 2 SYSTEMPATH\Database\BaseConnection.php(693): CodeIgniter\Database\MySQLi\Connection->execute('INSERT INTO `dispositivos` (`tipoDispositivo`, `marca`, `modelo`, `color`, `serial`, `diagnostico`, `cliente_id`) VALUES (\'portatil\', \'acer\', \'2020\', \'azul\', \'112314252\', \'pantalla\', \'2\')')
 3 SYSTEMPATH\Database\BaseConnection.php(607): CodeIgniter\Database\BaseConnection->simpleQuery('INSERT INTO `dispositivos` (`tipoDispositivo`, `marca`, `modelo`, `color`, `serial`, `diagnostico`, `cliente_id`) VALUES (\'portatil\', \'acer\', \'2020\', \'azul\', \'112314252\', \'pantalla\', \'2\')')
 4 SYSTEMPATH\Database\BaseBuilder.php(2307): CodeIgniter\Database\BaseConnection->query('INSERT INTO `dispositivos` (`tipoDispositivo`, `marca`, `modelo`, `color`, `serial`, `diagnostico`, `cliente_id`) VALUES (:tipoDispositivo:, :marca:, :modelo:, :color:, :serial:, :diagnostico:, :cliente_id:)', [...], false)
 5 SYSTEMPATH\Model.php(326): CodeIgniter\Database\BaseBuilder->insert()
 6 SYSTEMPATH\BaseModel.php(802): CodeIgniter\Model->doInsert([...])
 7 SYSTEMPATH\Model.php(744): CodeIgniter\BaseModel->insert([...], true)
 8 APPPATH\Controllers\DispositivoController.php(78): CodeIgniter\Model->insert([...])
 9 SYSTEMPATH\CodeIgniter.php(941): App\Controllers\DispositivoController->registrarDispositivo()
10 SYSTEMPATH\CodeIgniter.php(502): CodeIgniter\CodeIgniter->runController(Object(App\Controllers\DispositivoController))
11 SYSTEMPATH\CodeIgniter.php(361): CodeIgniter\CodeIgniter->handleRequest(null, Object(Config\Cache), false)
12 FCPATH\index.php(79): CodeIgniter\CodeIgniter->run()
INFO - 2024-04-03 18:03:42 --> REDIRECTED ROUTE at http://localhost/computrack/public/facturas/crear
