CRITICAL - 2024-03-21 16:44:34 --> ErrorException: Undefined array key "nombres gomez"
in APPPATH\Controllers\DispositivoController.php on line 45.
 1 APPPATH\Controllers\DispositivoController.php(45): CodeIgniter\Debug\Exceptions->errorHandler(2, 'Undefined array key "nombres gomez"', 'C:\\xampp\\htdocs\\computrack\\app\\Controllers\\DispositivoController.php', 45)
 2 SYSTEMPATH\CodeIgniter.php(941): App\Controllers\DispositivoController->obtenerNombreClientePorCedula()
 3 SYSTEMPATH\CodeIgniter.php(502): CodeIgniter\CodeIgniter->runController(Object(App\Controllers\DispositivoController))
 4 SYSTEMPATH\CodeIgniter.php(361): CodeIgniter\CodeIgniter->handleRequest(null, Object(Config\Cache), false)
 5 FCPATH\index.php(79): CodeIgniter\CodeIgniter->run()
ERROR - 2024-03-21 16:48:40 --> mysqli_sql_exception: Unknown column 'tipoDispositivo' in 'field list' in C:\xampp\htdocs\computrack\system\Database\MySQLi\Connection.php:306
Stack trace:
#0 C:\xampp\htdocs\computrack\system\Database\MySQLi\Connection.php(306): mysqli->query('INSERT INTO `di...', 0)
#1 C:\xampp\htdocs\computrack\system\Database\BaseConnection.php(693): CodeIgniter\Database\MySQLi\Connection->execute('INSERT INTO `di...')
#2 C:\xampp\htdocs\computrack\system\Database\BaseConnection.php(607): CodeIgniter\Database\BaseConnection->simpleQuery('INSERT INTO `di...')
#3 C:\xampp\htdocs\computrack\system\Database\BaseBuilder.php(2307): CodeIgniter\Database\BaseConnection->query('INSERT INTO `di...', Array, false)
#4 C:\xampp\htdocs\computrack\system\Model.php(326): CodeIgniter\Database\BaseBuilder->insert()
#5 C:\xampp\htdocs\computrack\system\BaseModel.php(802): CodeIgniter\Model->doInsert(Array)
#6 C:\xampp\htdocs\computrack\system\Model.php(744): CodeIgniter\BaseModel->insert(Array, true)
#7 C:\xampp\htdocs\computrack\app\Controllers\DispositivoController.php(78): CodeIgniter\Model->insert(Array)
#8 C:\xampp\htdocs\computrack\system\CodeIgniter.php(941): App\Controllers\DispositivoController->registrarDispositivo()
#9 C:\xampp\htdocs\computrack\system\CodeIgniter.php(502): CodeIgniter\CodeIgniter->runController(Object(App\Controllers\DispositivoController))
#10 C:\xampp\htdocs\computrack\system\CodeIgniter.php(361): CodeIgniter\CodeIgniter->handleRequest(NULL, Object(Config\Cache), false)
#11 C:\xampp\htdocs\computrack\public\index.php(79): CodeIgniter\CodeIgniter->run()
#12 {main}
CRITICAL - 2024-03-21 16:48:40 --> CodeIgniter\Database\Exceptions\DatabaseException: Unknown column 'tipoDispositivo' in 'field list'
in SYSTEMPATH\Database\BaseConnection.php on line 647.
 1 SYSTEMPATH\Database\BaseBuilder.php(2307): CodeIgniter\Database\BaseConnection->query('INSERT INTO `dispositivos` (`tipoDispositivo`, `marca`, `modelo`, `color`, `serial`, `diagnostico`, `cliente_id`) VALUES (:tipoDispositivo:, :marca:, :modelo:, :color:, :serial:, :diagnostico:, :cliente_id:)', [...], false)
 2 SYSTEMPATH\Model.php(326): CodeIgniter\Database\BaseBuilder->insert()
 3 SYSTEMPATH\BaseModel.php(802): CodeIgniter\Model->doInsert([...])
 4 SYSTEMPATH\Model.php(744): CodeIgniter\BaseModel->insert([...], true)
 5 APPPATH\Controllers\DispositivoController.php(78): CodeIgniter\Model->insert([...])
 6 SYSTEMPATH\CodeIgniter.php(941): App\Controllers\DispositivoController->registrarDispositivo()
 7 SYSTEMPATH\CodeIgniter.php(502): CodeIgniter\CodeIgniter->runController(Object(App\Controllers\DispositivoController))
 8 SYSTEMPATH\CodeIgniter.php(361): CodeIgniter\CodeIgniter->handleRequest(null, Object(Config\Cache), false)
 9 FCPATH\index.php(79): CodeIgniter\CodeIgniter->run()
CRITICAL - 2024-03-21 16:48:40 --> [Caused by] CodeIgniter\Database\Exceptions\DatabaseException: Unknown column 'tipoDispositivo' in 'field list'
in SYSTEMPATH\Database\MySQLi\Connection.php on line 311.
 1 SYSTEMPATH\Database\BaseConnection.php(693): CodeIgniter\Database\MySQLi\Connection->execute('INSERT INTO `dispositivos` (`tipoDispositivo`, `marca`, `modelo`, `color`, `serial`, `diagnostico`, `cliente_id`) VALUES (\'portatil\', \'ASUS\', \'Vivolog\', \'azul\', \'233524536\', \'reparar pantalla\', \'\')')
 2 SYSTEMPATH\Database\BaseConnection.php(607): CodeIgniter\Database\BaseConnection->simpleQuery('INSERT INTO `dispositivos` (`tipoDispositivo`, `marca`, `modelo`, `color`, `serial`, `diagnostico`, `cliente_id`) VALUES (\'portatil\', \'ASUS\', \'Vivolog\', \'azul\', \'233524536\', \'reparar pantalla\', \'\')')
 3 SYSTEMPATH\Database\BaseBuilder.php(2307): CodeIgniter\Database\BaseConnection->query('INSERT INTO `dispositivos` (`tipoDispositivo`, `marca`, `modelo`, `color`, `serial`, `diagnostico`, `cliente_id`) VALUES (:tipoDispositivo:, :marca:, :modelo:, :color:, :serial:, :diagnostico:, :cliente_id:)', [...], false)
 4 SYSTEMPATH\Model.php(326): CodeIgniter\Database\BaseBuilder->insert()
 5 SYSTEMPATH\BaseModel.php(802): CodeIgniter\Model->doInsert([...])
 6 SYSTEMPATH\Model.php(744): CodeIgniter\BaseModel->insert([...], true)
 7 APPPATH\Controllers\DispositivoController.php(78): CodeIgniter\Model->insert([...])
 8 SYSTEMPATH\CodeIgniter.php(941): App\Controllers\DispositivoController->registrarDispositivo()
 9 SYSTEMPATH\CodeIgniter.php(502): CodeIgniter\CodeIgniter->runController(Object(App\Controllers\DispositivoController))
10 SYSTEMPATH\CodeIgniter.php(361): CodeIgniter\CodeIgniter->handleRequest(null, Object(Config\Cache), false)
11 FCPATH\index.php(79): CodeIgniter\CodeIgniter->run()
CRITICAL - 2024-03-21 16:48:40 --> [Caused by] mysqli_sql_exception: Unknown column 'tipoDispositivo' in 'field list'
in SYSTEMPATH\Database\MySQLi\Connection.php on line 306.
 1 SYSTEMPATH\Database\MySQLi\Connection.php(306): mysqli->query('INSERT INTO `dispositivos` (`tipoDispositivo`, `marca`, `modelo`, `color`, `serial`, `diagnostico`, `cliente_id`) VALUES (\'portatil\', \'ASUS\', \'Vivolog\', \'azul\', \'233524536\', \'reparar pantalla\', \'\')', 0)
 2 SYSTEMPATH\Database\BaseConnection.php(693): CodeIgniter\Database\MySQLi\Connection->execute('INSERT INTO `dispositivos` (`tipoDispositivo`, `marca`, `modelo`, `color`, `serial`, `diagnostico`, `cliente_id`) VALUES (\'portatil\', \'ASUS\', \'Vivolog\', \'azul\', \'233524536\', \'reparar pantalla\', \'\')')
 3 SYSTEMPATH\Database\BaseConnection.php(607): CodeIgniter\Database\BaseConnection->simpleQuery('INSERT INTO `dispositivos` (`tipoDispositivo`, `marca`, `modelo`, `color`, `serial`, `diagnostico`, `cliente_id`) VALUES (\'portatil\', \'ASUS\', \'Vivolog\', \'azul\', \'233524536\', \'reparar pantalla\', \'\')')
 4 SYSTEMPATH\Database\BaseBuilder.php(2307): CodeIgniter\Database\BaseConnection->query('INSERT INTO `dispositivos` (`tipoDispositivo`, `marca`, `modelo`, `color`, `serial`, `diagnostico`, `cliente_id`) VALUES (:tipoDispositivo:, :marca:, :modelo:, :color:, :serial:, :diagnostico:, :cliente_id:)', [...], false)
 5 SYSTEMPATH\Model.php(326): CodeIgniter\Database\BaseBuilder->insert()
 6 SYSTEMPATH\BaseModel.php(802): CodeIgniter\Model->doInsert([...])
 7 SYSTEMPATH\Model.php(744): CodeIgniter\BaseModel->insert([...], true)
 8 APPPATH\Controllers\DispositivoController.php(78): CodeIgniter\Model->insert([...])
 9 SYSTEMPATH\CodeIgniter.php(941): App\Controllers\DispositivoController->registrarDispositivo()
10 SYSTEMPATH\CodeIgniter.php(502): CodeIgniter\CodeIgniter->runController(Object(App\Controllers\DispositivoController))
11 SYSTEMPATH\CodeIgniter.php(361): CodeIgniter\CodeIgniter->handleRequest(null, Object(Config\Cache), false)
12 FCPATH\index.php(79): CodeIgniter\CodeIgniter->run()
CRITICAL - 2024-03-21 16:49:52 --> ErrorException: Undefined array key "nombres Passu"
in APPPATH\Controllers\DispositivoController.php on line 45.
 1 APPPATH\Controllers\DispositivoController.php(45): CodeIgniter\Debug\Exceptions->errorHandler(2, 'Undefined array key "nombres Passu"', 'C:\\xampp\\htdocs\\computrack\\app\\Controllers\\DispositivoController.php', 45)
 2 SYSTEMPATH\CodeIgniter.php(941): App\Controllers\DispositivoController->obtenerNombreClientePorCedula()
 3 SYSTEMPATH\CodeIgniter.php(502): CodeIgniter\CodeIgniter->runController(Object(App\Controllers\DispositivoController))
 4 SYSTEMPATH\CodeIgniter.php(361): CodeIgniter\CodeIgniter->handleRequest(null, Object(Config\Cache), false)
 5 FCPATH\index.php(79): CodeIgniter\CodeIgniter->run()
CRITICAL - 2024-03-21 16:50:43 --> ErrorException: Undefined array key "nombres Passu"
in APPPATH\Controllers\DispositivoController.php on line 45.
 1 APPPATH\Controllers\DispositivoController.php(45): CodeIgniter\Debug\Exceptions->errorHandler(2, 'Undefined array key "nombres Passu"', 'C:\\xampp\\htdocs\\computrack\\app\\Controllers\\DispositivoController.php', 45)
 2 SYSTEMPATH\CodeIgniter.php(941): App\Controllers\DispositivoController->obtenerNombreClientePorCedula()
 3 SYSTEMPATH\CodeIgniter.php(502): CodeIgniter\CodeIgniter->runController(Object(App\Controllers\DispositivoController))
 4 SYSTEMPATH\CodeIgniter.php(361): CodeIgniter\CodeIgniter->handleRequest(null, Object(Config\Cache), false)
 5 FCPATH\index.php(79): CodeIgniter\CodeIgniter->run()
CRITICAL - 2024-03-21 16:52:16 --> ErrorException: Undefined array key "nombres Passu"
in APPPATH\Controllers\DispositivoController.php on line 45.
 1 APPPATH\Controllers\DispositivoController.php(45): CodeIgniter\Debug\Exceptions->errorHandler(2, 'Undefined array key "nombres Passu"', 'C:\\xampp\\htdocs\\computrack\\app\\Controllers\\DispositivoController.php', 45)
 2 SYSTEMPATH\CodeIgniter.php(941): App\Controllers\DispositivoController->obtenerNombreClientePorCedula()
 3 SYSTEMPATH\CodeIgniter.php(502): CodeIgniter\CodeIgniter->runController(Object(App\Controllers\DispositivoController))
 4 SYSTEMPATH\CodeIgniter.php(361): CodeIgniter\CodeIgniter->handleRequest(null, Object(Config\Cache), false)
 5 FCPATH\index.php(79): CodeIgniter\CodeIgniter->run()
CRITICAL - 2024-03-21 16:56:50 --> ErrorException: Undefined array key "nombres Passu"
in APPPATH\Controllers\DispositivoController.php on line 45.
 1 APPPATH\Controllers\DispositivoController.php(45): CodeIgniter\Debug\Exceptions->errorHandler(2, 'Undefined array key "nombres Passu"', 'C:\\xampp\\htdocs\\computrack\\app\\Controllers\\DispositivoController.php', 45)
 2 SYSTEMPATH\CodeIgniter.php(941): App\Controllers\DispositivoController->obtenerNombreClientePorCedula()
 3 SYSTEMPATH\CodeIgniter.php(502): CodeIgniter\CodeIgniter->runController(Object(App\Controllers\DispositivoController))
 4 SYSTEMPATH\CodeIgniter.php(361): CodeIgniter\CodeIgniter->handleRequest(null, Object(Config\Cache), false)
 5 FCPATH\index.php(79): CodeIgniter\CodeIgniter->run()
