ERROR - 2024-04-02 14:27:58 --> mysqli_sql_exception: Unknown column 'tipoDispositivo' in 'field list' in C:\xampp\htdocs\computrack\system\Database\MySQLi\Connection.php:306
Stack trace:
#0 C:\xampp\htdocs\computrack\system\Database\MySQLi\Connection.php(306): mysqli->query('INSERT INTO `di...', 0)
#1 C:\xampp\htdocs\computrack\system\Database\BaseConnection.php(693): CodeIgniter\Database\MySQLi\Connection->execute('INSERT INTO `di...')
#2 C:\xampp\htdocs\computrack\system\Database\BaseConnection.php(607): CodeIgniter\Database\BaseConnection->simpleQuery('INSERT INTO `di...')
#3 C:\xampp\htdocs\computrack\system\Database\BaseBuilder.php(2307): CodeIgniter\Database\BaseConnection->query('INSERT INTO `di...', Array, false)
#4 C:\xampp\htdocs\computrack\system\Model.php(326): CodeIgniter\Database\BaseBuilder->insert()
#5 C:\xampp\htdocs\computrack\system\BaseModel.php(802): CodeIgniter\Model->doInsert(Array)
#6 C:\xampp\htdocs\computrack\system\Model.php(744): CodeIgniter\BaseModel->insert(Array, true)
#7 C:\xampp\htdocs\computrack\app\Controllers\DispositivoController.php(78): CodeIgniter\Model->insert(Array)
#8 C:\xampp\htdocs\computrack\system\CodeIgniter.php(941): App\Controllers\DispositivoController->registrarDispositivo()
#9 C:\xampp\htdocs\computrack\system\CodeIgniter.php(502): CodeIgniter\CodeIgniter->runController(Object(App\Controllers\DispositivoController))
#10 C:\xampp\htdocs\computrack\system\CodeIgniter.php(361): CodeIgniter\CodeIgniter->handleRequest(NULL, Object(Config\Cache), false)
#11 C:\xampp\htdocs\computrack\public\index.php(79): CodeIgniter\CodeIgniter->run()
#12 {main}
CRITICAL - 2024-04-02 14:27:58 --> CodeIgniter\Database\Exceptions\DatabaseException: Unknown column 'tipoDispositivo' in 'field list'
in SYSTEMPATH\Database\BaseConnection.php on line 647.
 1 SYSTEMPATH\Database\BaseBuilder.php(2307): CodeIgniter\Database\BaseConnection->query('INSERT INTO `dispositivos` (`tipoDispositivo`, `marca`, `modelo`, `color`, `serial`, `diagnostico`, `cliente_id`) VALUES (:tipoDispositivo:, :marca:, :modelo:, :color:, :serial:, :diagnostico:, :cliente_id:)', [...], false)
 2 SYSTEMPATH\Model.php(326): CodeIgniter\Database\BaseBuilder->insert()
 3 SYSTEMPATH\BaseModel.php(802): CodeIgniter\Model->doInsert([...])
 4 SYSTEMPATH\Model.php(744): CodeIgniter\BaseModel->insert([...], true)
 5 APPPATH\Controllers\DispositivoController.php(78): CodeIgniter\Model->insert([...])
 6 SYSTEMPATH\CodeIgniter.php(941): App\Controllers\DispositivoController->registrarDispositivo()
 7 SYSTEMPATH\CodeIgniter.php(502): CodeIgniter\CodeIgniter->runController(Object(App\Controllers\DispositivoController))
 8 SYSTEMPATH\CodeIgniter.php(361): CodeIgniter\CodeIgniter->handleRequest(null, Object(Config\Cache), false)
 9 FCPATH\index.php(79): CodeIgniter\CodeIgniter->run()
CRITICAL - 2024-04-02 14:27:58 --> [Caused by] CodeIgniter\Database\Exceptions\DatabaseException: Unknown column 'tipoDispositivo' in 'field list'
in SYSTEMPATH\Database\MySQLi\Connection.php on line 311.
 1 SYSTEMPATH\Database\BaseConnection.php(693): CodeIgniter\Database\MySQLi\Connection->execute('INSERT INTO `dispositivos` (`tipoDispositivo`, `marca`, `modelo`, `color`, `serial`, `diagnostico`, `cliente_id`) VALUES (\'torre\', \'dragonGame\', \'2020\', \'negra\', \'123456543\', \'cambio del disco duro\', \'2\')')
 2 SYSTEMPATH\Database\BaseConnection.php(607): CodeIgniter\Database\BaseConnection->simpleQuery('INSERT INTO `dispositivos` (`tipoDispositivo`, `marca`, `modelo`, `color`, `serial`, `diagnostico`, `cliente_id`) VALUES (\'torre\', \'dragonGame\', \'2020\', \'negra\', \'123456543\', \'cambio del disco duro\', \'2\')')
 3 SYSTEMPATH\Database\BaseBuilder.php(2307): CodeIgniter\Database\BaseConnection->query('INSERT INTO `dispositivos` (`tipoDispositivo`, `marca`, `modelo`, `color`, `serial`, `diagnostico`, `cliente_id`) VALUES (:tipoDispositivo:, :marca:, :modelo:, :color:, :serial:, :diagnostico:, :cliente_id:)', [...], false)
 4 SYSTEMPATH\Model.php(326): CodeIgniter\Database\BaseBuilder->insert()
 5 SYSTEMPATH\BaseModel.php(802): CodeIgniter\Model->doInsert([...])
 6 SYSTEMPATH\Model.php(744): CodeIgniter\BaseModel->insert([...], true)
 7 APPPATH\Controllers\DispositivoController.php(78): CodeIgniter\Model->insert([...])
 8 SYSTEMPATH\CodeIgniter.php(941): App\Controllers\DispositivoController->registrarDispositivo()
 9 SYSTEMPATH\CodeIgniter.php(502): CodeIgniter\CodeIgniter->runController(Object(App\Controllers\DispositivoController))
10 SYSTEMPATH\CodeIgniter.php(361): CodeIgniter\CodeIgniter->handleRequest(null, Object(Config\Cache), false)
11 FCPATH\index.php(79): CodeIgniter\CodeIgniter->run()
CRITICAL - 2024-04-02 14:27:58 --> [Caused by] mysqli_sql_exception: Unknown column 'tipoDispositivo' in 'field list'
in SYSTEMPATH\Database\MySQLi\Connection.php on line 306.
 1 SYSTEMPATH\Database\MySQLi\Connection.php(306): mysqli->query('INSERT INTO `dispositivos` (`tipoDispositivo`, `marca`, `modelo`, `color`, `serial`, `diagnostico`, `cliente_id`) VALUES (\'torre\', \'dragonGame\', \'2020\', \'negra\', \'123456543\', \'cambio del disco duro\', \'2\')', 0)
 2 SYSTEMPATH\Database\BaseConnection.php(693): CodeIgniter\Database\MySQLi\Connection->execute('INSERT INTO `dispositivos` (`tipoDispositivo`, `marca`, `modelo`, `color`, `serial`, `diagnostico`, `cliente_id`) VALUES (\'torre\', \'dragonGame\', \'2020\', \'negra\', \'123456543\', \'cambio del disco duro\', \'2\')')
 3 SYSTEMPATH\Database\BaseConnection.php(607): CodeIgniter\Database\BaseConnection->simpleQuery('INSERT INTO `dispositivos` (`tipoDispositivo`, `marca`, `modelo`, `color`, `serial`, `diagnostico`, `cliente_id`) VALUES (\'torre\', \'dragonGame\', \'2020\', \'negra\', \'123456543\', \'cambio del disco duro\', \'2\')')
 4 SYSTEMPATH\Database\BaseBuilder.php(2307): CodeIgniter\Database\BaseConnection->query('INSERT INTO `dispositivos` (`tipoDispositivo`, `marca`, `modelo`, `color`, `serial`, `diagnostico`, `cliente_id`) VALUES (:tipoDispositivo:, :marca:, :modelo:, :color:, :serial:, :diagnostico:, :cliente_id:)', [...], false)
 5 SYSTEMPATH\Model.php(326): CodeIgniter\Database\BaseBuilder->insert()
 6 SYSTEMPATH\BaseModel.php(802): CodeIgniter\Model->doInsert([...])
 7 SYSTEMPATH\Model.php(744): CodeIgniter\BaseModel->insert([...], true)
 8 APPPATH\Controllers\DispositivoController.php(78): CodeIgniter\Model->insert([...])
 9 SYSTEMPATH\CodeIgniter.php(941): App\Controllers\DispositivoController->registrarDispositivo()
10 SYSTEMPATH\CodeIgniter.php(502): CodeIgniter\CodeIgniter->runController(Object(App\Controllers\DispositivoController))
11 SYSTEMPATH\CodeIgniter.php(361): CodeIgniter\CodeIgniter->handleRequest(null, Object(Config\Cache), false)
12 FCPATH\index.php(79): CodeIgniter\CodeIgniter->run()
ERROR - 2024-04-02 14:34:09 --> mysqli_sql_exception: Unknown column 'tipoDispositivo' in 'field list' in C:\xampp\htdocs\computrack\system\Database\MySQLi\Connection.php:306
Stack trace:
#0 C:\xampp\htdocs\computrack\system\Database\MySQLi\Connection.php(306): mysqli->query('INSERT INTO `di...', 0)
#1 C:\xampp\htdocs\computrack\system\Database\BaseConnection.php(693): CodeIgniter\Database\MySQLi\Connection->execute('INSERT INTO `di...')
#2 C:\xampp\htdocs\computrack\system\Database\BaseConnection.php(607): CodeIgniter\Database\BaseConnection->simpleQuery('INSERT INTO `di...')
#3 C:\xampp\htdocs\computrack\system\Database\BaseBuilder.php(2307): CodeIgniter\Database\BaseConnection->query('INSERT INTO `di...', Array, false)
#4 C:\xampp\htdocs\computrack\system\Model.php(326): CodeIgniter\Database\BaseBuilder->insert()
#5 C:\xampp\htdocs\computrack\system\BaseModel.php(802): CodeIgniter\Model->doInsert(Array)
#6 C:\xampp\htdocs\computrack\system\Model.php(744): CodeIgniter\BaseModel->insert(Array, true)
#7 C:\xampp\htdocs\computrack\app\Controllers\DispositivoController.php(78): CodeIgniter\Model->insert(Array)
#8 C:\xampp\htdocs\computrack\system\CodeIgniter.php(941): App\Controllers\DispositivoController->registrarDispositivo()
#9 C:\xampp\htdocs\computrack\system\CodeIgniter.php(502): CodeIgniter\CodeIgniter->runController(Object(App\Controllers\DispositivoController))
#10 C:\xampp\htdocs\computrack\system\CodeIgniter.php(361): CodeIgniter\CodeIgniter->handleRequest(NULL, Object(Config\Cache), false)
#11 C:\xampp\htdocs\computrack\public\index.php(79): CodeIgniter\CodeIgniter->run()
#12 {main}
CRITICAL - 2024-04-02 14:34:09 --> CodeIgniter\Database\Exceptions\DatabaseException: Unknown column 'tipoDispositivo' in 'field list'
in SYSTEMPATH\Database\BaseConnection.php on line 647.
 1 SYSTEMPATH\Database\BaseBuilder.php(2307): CodeIgniter\Database\BaseConnection->query('INSERT INTO `dispositivos` (`tipoDispositivo`, `marca`, `modelo`, `color`, `serial`, `diagnostico`, `cliente_id`) VALUES (:tipoDispositivo:, :marca:, :modelo:, :color:, :serial:, :diagnostico:, :cliente_id:)', [...], false)
 2 SYSTEMPATH\Model.php(326): CodeIgniter\Database\BaseBuilder->insert()
 3 SYSTEMPATH\BaseModel.php(802): CodeIgniter\Model->doInsert([...])
 4 SYSTEMPATH\Model.php(744): CodeIgniter\BaseModel->insert([...], true)
 5 APPPATH\Controllers\DispositivoController.php(78): CodeIgniter\Model->insert([...])
 6 SYSTEMPATH\CodeIgniter.php(941): App\Controllers\DispositivoController->registrarDispositivo()
 7 SYSTEMPATH\CodeIgniter.php(502): CodeIgniter\CodeIgniter->runController(Object(App\Controllers\DispositivoController))
 8 SYSTEMPATH\CodeIgniter.php(361): CodeIgniter\CodeIgniter->handleRequest(null, Object(Config\Cache), false)
 9 FCPATH\index.php(79): CodeIgniter\CodeIgniter->run()
CRITICAL - 2024-04-02 14:34:09 --> [Caused by] CodeIgniter\Database\Exceptions\DatabaseException: Unknown column 'tipoDispositivo' in 'field list'
in SYSTEMPATH\Database\MySQLi\Connection.php on line 311.
 1 SYSTEMPATH\Database\BaseConnection.php(693): CodeIgniter\Database\MySQLi\Connection->execute('INSERT INTO `dispositivos` (`tipoDispositivo`, `marca`, `modelo`, `color`, `serial`, `diagnostico`, `cliente_id`) VALUES (\'torre\', \'dragonGame\', \'2020\', \'negra\', \'123456543\', \'cambio del disco duro\', \'2\')')
 2 SYSTEMPATH\Database\BaseConnection.php(607): CodeIgniter\Database\BaseConnection->simpleQuery('INSERT INTO `dispositivos` (`tipoDispositivo`, `marca`, `modelo`, `color`, `serial`, `diagnostico`, `cliente_id`) VALUES (\'torre\', \'dragonGame\', \'2020\', \'negra\', \'123456543\', \'cambio del disco duro\', \'2\')')
 3 SYSTEMPATH\Database\BaseBuilder.php(2307): CodeIgniter\Database\BaseConnection->query('INSERT INTO `dispositivos` (`tipoDispositivo`, `marca`, `modelo`, `color`, `serial`, `diagnostico`, `cliente_id`) VALUES (:tipoDispositivo:, :marca:, :modelo:, :color:, :serial:, :diagnostico:, :cliente_id:)', [...], false)
 4 SYSTEMPATH\Model.php(326): CodeIgniter\Database\BaseBuilder->insert()
 5 SYSTEMPATH\BaseModel.php(802): CodeIgniter\Model->doInsert([...])
 6 SYSTEMPATH\Model.php(744): CodeIgniter\BaseModel->insert([...], true)
 7 APPPATH\Controllers\DispositivoController.php(78): CodeIgniter\Model->insert([...])
 8 SYSTEMPATH\CodeIgniter.php(941): App\Controllers\DispositivoController->registrarDispositivo()
 9 SYSTEMPATH\CodeIgniter.php(502): CodeIgniter\CodeIgniter->runController(Object(App\Controllers\DispositivoController))
10 SYSTEMPATH\CodeIgniter.php(361): CodeIgniter\CodeIgniter->handleRequest(null, Object(Config\Cache), false)
11 FCPATH\index.php(79): CodeIgniter\CodeIgniter->run()
CRITICAL - 2024-04-02 14:34:09 --> [Caused by] mysqli_sql_exception: Unknown column 'tipoDispositivo' in 'field list'
in SYSTEMPATH\Database\MySQLi\Connection.php on line 306.
 1 SYSTEMPATH\Database\MySQLi\Connection.php(306): mysqli->query('INSERT INTO `dispositivos` (`tipoDispositivo`, `marca`, `modelo`, `color`, `serial`, `diagnostico`, `cliente_id`) VALUES (\'torre\', \'dragonGame\', \'2020\', \'negra\', \'123456543\', \'cambio del disco duro\', \'2\')', 0)
 2 SYSTEMPATH\Database\BaseConnection.php(693): CodeIgniter\Database\MySQLi\Connection->execute('INSERT INTO `dispositivos` (`tipoDispositivo`, `marca`, `modelo`, `color`, `serial`, `diagnostico`, `cliente_id`) VALUES (\'torre\', \'dragonGame\', \'2020\', \'negra\', \'123456543\', \'cambio del disco duro\', \'2\')')
 3 SYSTEMPATH\Database\BaseConnection.php(607): CodeIgniter\Database\BaseConnection->simpleQuery('INSERT INTO `dispositivos` (`tipoDispositivo`, `marca`, `modelo`, `color`, `serial`, `diagnostico`, `cliente_id`) VALUES (\'torre\', \'dragonGame\', \'2020\', \'negra\', \'123456543\', \'cambio del disco duro\', \'2\')')
 4 SYSTEMPATH\Database\BaseBuilder.php(2307): CodeIgniter\Database\BaseConnection->query('INSERT INTO `dispositivos` (`tipoDispositivo`, `marca`, `modelo`, `color`, `serial`, `diagnostico`, `cliente_id`) VALUES (:tipoDispositivo:, :marca:, :modelo:, :color:, :serial:, :diagnostico:, :cliente_id:)', [...], false)
 5 SYSTEMPATH\Model.php(326): CodeIgniter\Database\BaseBuilder->insert()
 6 SYSTEMPATH\BaseModel.php(802): CodeIgniter\Model->doInsert([...])
 7 SYSTEMPATH\Model.php(744): CodeIgniter\BaseModel->insert([...], true)
 8 APPPATH\Controllers\DispositivoController.php(78): CodeIgniter\Model->insert([...])
 9 SYSTEMPATH\CodeIgniter.php(941): App\Controllers\DispositivoController->registrarDispositivo()
10 SYSTEMPATH\CodeIgniter.php(502): CodeIgniter\CodeIgniter->runController(Object(App\Controllers\DispositivoController))
11 SYSTEMPATH\CodeIgniter.php(361): CodeIgniter\CodeIgniter->handleRequest(null, Object(Config\Cache), false)
12 FCPATH\index.php(79): CodeIgniter\CodeIgniter->run()
ERROR - 2024-04-02 14:34:14 --> mysqli_sql_exception: Unknown column 'tipoDispositivo' in 'field list' in C:\xampp\htdocs\computrack\system\Database\MySQLi\Connection.php:306
Stack trace:
#0 C:\xampp\htdocs\computrack\system\Database\MySQLi\Connection.php(306): mysqli->query('INSERT INTO `di...', 0)
#1 C:\xampp\htdocs\computrack\system\Database\BaseConnection.php(693): CodeIgniter\Database\MySQLi\Connection->execute('INSERT INTO `di...')
#2 C:\xampp\htdocs\computrack\system\Database\BaseConnection.php(607): CodeIgniter\Database\BaseConnection->simpleQuery('INSERT INTO `di...')
#3 C:\xampp\htdocs\computrack\system\Database\BaseBuilder.php(2307): CodeIgniter\Database\BaseConnection->query('INSERT INTO `di...', Array, false)
#4 C:\xampp\htdocs\computrack\system\Model.php(326): CodeIgniter\Database\BaseBuilder->insert()
#5 C:\xampp\htdocs\computrack\system\BaseModel.php(802): CodeIgniter\Model->doInsert(Array)
#6 C:\xampp\htdocs\computrack\system\Model.php(744): CodeIgniter\BaseModel->insert(Array, true)
#7 C:\xampp\htdocs\computrack\app\Controllers\DispositivoController.php(78): CodeIgniter\Model->insert(Array)
#8 C:\xampp\htdocs\computrack\system\CodeIgniter.php(941): App\Controllers\DispositivoController->registrarDispositivo()
#9 C:\xampp\htdocs\computrack\system\CodeIgniter.php(502): CodeIgniter\CodeIgniter->runController(Object(App\Controllers\DispositivoController))
#10 C:\xampp\htdocs\computrack\system\CodeIgniter.php(361): CodeIgniter\CodeIgniter->handleRequest(NULL, Object(Config\Cache), false)
#11 C:\xampp\htdocs\computrack\public\index.php(79): CodeIgniter\CodeIgniter->run()
#12 {main}
CRITICAL - 2024-04-02 14:34:14 --> CodeIgniter\Database\Exceptions\DatabaseException: Unknown column 'tipoDispositivo' in 'field list'
in SYSTEMPATH\Database\BaseConnection.php on line 647.
 1 SYSTEMPATH\Database\BaseBuilder.php(2307): CodeIgniter\Database\BaseConnection->query('INSERT INTO `dispositivos` (`tipoDispositivo`, `marca`, `modelo`, `color`, `serial`, `diagnostico`, `cliente_id`) VALUES (:tipoDispositivo:, :marca:, :modelo:, :color:, :serial:, :diagnostico:, :cliente_id:)', [...], false)
 2 SYSTEMPATH\Model.php(326): CodeIgniter\Database\BaseBuilder->insert()
 3 SYSTEMPATH\BaseModel.php(802): CodeIgniter\Model->doInsert([...])
 4 SYSTEMPATH\Model.php(744): CodeIgniter\BaseModel->insert([...], true)
 5 APPPATH\Controllers\DispositivoController.php(78): CodeIgniter\Model->insert([...])
 6 SYSTEMPATH\CodeIgniter.php(941): App\Controllers\DispositivoController->registrarDispositivo()
 7 SYSTEMPATH\CodeIgniter.php(502): CodeIgniter\CodeIgniter->runController(Object(App\Controllers\DispositivoController))
 8 SYSTEMPATH\CodeIgniter.php(361): CodeIgniter\CodeIgniter->handleRequest(null, Object(Config\Cache), false)
 9 FCPATH\index.php(79): CodeIgniter\CodeIgniter->run()
CRITICAL - 2024-04-02 14:34:14 --> [Caused by] CodeIgniter\Database\Exceptions\DatabaseException: Unknown column 'tipoDispositivo' in 'field list'
in SYSTEMPATH\Database\MySQLi\Connection.php on line 311.
 1 SYSTEMPATH\Database\BaseConnection.php(693): CodeIgniter\Database\MySQLi\Connection->execute('INSERT INTO `dispositivos` (`tipoDispositivo`, `marca`, `modelo`, `color`, `serial`, `diagnostico`, `cliente_id`) VALUES (\'torre\', \'dragonGame\', \'2020\', \'negra\', \'123456543\', \'cambio del disco duro\', \'2\')')
 2 SYSTEMPATH\Database\BaseConnection.php(607): CodeIgniter\Database\BaseConnection->simpleQuery('INSERT INTO `dispositivos` (`tipoDispositivo`, `marca`, `modelo`, `color`, `serial`, `diagnostico`, `cliente_id`) VALUES (\'torre\', \'dragonGame\', \'2020\', \'negra\', \'123456543\', \'cambio del disco duro\', \'2\')')
 3 SYSTEMPATH\Database\BaseBuilder.php(2307): CodeIgniter\Database\BaseConnection->query('INSERT INTO `dispositivos` (`tipoDispositivo`, `marca`, `modelo`, `color`, `serial`, `diagnostico`, `cliente_id`) VALUES (:tipoDispositivo:, :marca:, :modelo:, :color:, :serial:, :diagnostico:, :cliente_id:)', [...], false)
 4 SYSTEMPATH\Model.php(326): CodeIgniter\Database\BaseBuilder->insert()
 5 SYSTEMPATH\BaseModel.php(802): CodeIgniter\Model->doInsert([...])
 6 SYSTEMPATH\Model.php(744): CodeIgniter\BaseModel->insert([...], true)
 7 APPPATH\Controllers\DispositivoController.php(78): CodeIgniter\Model->insert([...])
 8 SYSTEMPATH\CodeIgniter.php(941): App\Controllers\DispositivoController->registrarDispositivo()
 9 SYSTEMPATH\CodeIgniter.php(502): CodeIgniter\CodeIgniter->runController(Object(App\Controllers\DispositivoController))
10 SYSTEMPATH\CodeIgniter.php(361): CodeIgniter\CodeIgniter->handleRequest(null, Object(Config\Cache), false)
11 FCPATH\index.php(79): CodeIgniter\CodeIgniter->run()
CRITICAL - 2024-04-02 14:34:14 --> [Caused by] mysqli_sql_exception: Unknown column 'tipoDispositivo' in 'field list'
in SYSTEMPATH\Database\MySQLi\Connection.php on line 306.
 1 SYSTEMPATH\Database\MySQLi\Connection.php(306): mysqli->query('INSERT INTO `dispositivos` (`tipoDispositivo`, `marca`, `modelo`, `color`, `serial`, `diagnostico`, `cliente_id`) VALUES (\'torre\', \'dragonGame\', \'2020\', \'negra\', \'123456543\', \'cambio del disco duro\', \'2\')', 0)
 2 SYSTEMPATH\Database\BaseConnection.php(693): CodeIgniter\Database\MySQLi\Connection->execute('INSERT INTO `dispositivos` (`tipoDispositivo`, `marca`, `modelo`, `color`, `serial`, `diagnostico`, `cliente_id`) VALUES (\'torre\', \'dragonGame\', \'2020\', \'negra\', \'123456543\', \'cambio del disco duro\', \'2\')')
 3 SYSTEMPATH\Database\BaseConnection.php(607): CodeIgniter\Database\BaseConnection->simpleQuery('INSERT INTO `dispositivos` (`tipoDispositivo`, `marca`, `modelo`, `color`, `serial`, `diagnostico`, `cliente_id`) VALUES (\'torre\', \'dragonGame\', \'2020\', \'negra\', \'123456543\', \'cambio del disco duro\', \'2\')')
 4 SYSTEMPATH\Database\BaseBuilder.php(2307): CodeIgniter\Database\BaseConnection->query('INSERT INTO `dispositivos` (`tipoDispositivo`, `marca`, `modelo`, `color`, `serial`, `diagnostico`, `cliente_id`) VALUES (:tipoDispositivo:, :marca:, :modelo:, :color:, :serial:, :diagnostico:, :cliente_id:)', [...], false)
 5 SYSTEMPATH\Model.php(326): CodeIgniter\Database\BaseBuilder->insert()
 6 SYSTEMPATH\BaseModel.php(802): CodeIgniter\Model->doInsert([...])
 7 SYSTEMPATH\Model.php(744): CodeIgniter\BaseModel->insert([...], true)
 8 APPPATH\Controllers\DispositivoController.php(78): CodeIgniter\Model->insert([...])
 9 SYSTEMPATH\CodeIgniter.php(941): App\Controllers\DispositivoController->registrarDispositivo()
10 SYSTEMPATH\CodeIgniter.php(502): CodeIgniter\CodeIgniter->runController(Object(App\Controllers\DispositivoController))
11 SYSTEMPATH\CodeIgniter.php(361): CodeIgniter\CodeIgniter->handleRequest(null, Object(Config\Cache), false)
12 FCPATH\index.php(79): CodeIgniter\CodeIgniter->run()
ERROR - 2024-04-02 14:35:17 --> mysqli_sql_exception: Unknown column 'tipoDispositivo' in 'field list' in C:\xampp\htdocs\computrack\system\Database\MySQLi\Connection.php:306
Stack trace:
#0 C:\xampp\htdocs\computrack\system\Database\MySQLi\Connection.php(306): mysqli->query('INSERT INTO `di...', 0)
#1 C:\xampp\htdocs\computrack\system\Database\BaseConnection.php(693): CodeIgniter\Database\MySQLi\Connection->execute('INSERT INTO `di...')
#2 C:\xampp\htdocs\computrack\system\Database\BaseConnection.php(607): CodeIgniter\Database\BaseConnection->simpleQuery('INSERT INTO `di...')
#3 C:\xampp\htdocs\computrack\system\Database\BaseBuilder.php(2307): CodeIgniter\Database\BaseConnection->query('INSERT INTO `di...', Array, false)
#4 C:\xampp\htdocs\computrack\system\Model.php(326): CodeIgniter\Database\BaseBuilder->insert()
#5 C:\xampp\htdocs\computrack\system\BaseModel.php(802): CodeIgniter\Model->doInsert(Array)
#6 C:\xampp\htdocs\computrack\system\Model.php(744): CodeIgniter\BaseModel->insert(Array, true)
#7 C:\xampp\htdocs\computrack\app\Controllers\DispositivoController.php(78): CodeIgniter\Model->insert(Array)
#8 C:\xampp\htdocs\computrack\system\CodeIgniter.php(941): App\Controllers\DispositivoController->registrarDispositivo()
#9 C:\xampp\htdocs\computrack\system\CodeIgniter.php(502): CodeIgniter\CodeIgniter->runController(Object(App\Controllers\DispositivoController))
#10 C:\xampp\htdocs\computrack\system\CodeIgniter.php(361): CodeIgniter\CodeIgniter->handleRequest(NULL, Object(Config\Cache), false)
#11 C:\xampp\htdocs\computrack\public\index.php(79): CodeIgniter\CodeIgniter->run()
#12 {main}
CRITICAL - 2024-04-02 14:35:17 --> CodeIgniter\Database\Exceptions\DatabaseException: Unknown column 'tipoDispositivo' in 'field list'
in SYSTEMPATH\Database\BaseConnection.php on line 647.
 1 SYSTEMPATH\Database\BaseBuilder.php(2307): CodeIgniter\Database\BaseConnection->query('INSERT INTO `dispositivos` (`tipoDispositivo`, `marca`, `modelo`, `color`, `serial`, `diagnostico`, `cliente_id`) VALUES (:tipoDispositivo:, :marca:, :modelo:, :color:, :serial:, :diagnostico:, :cliente_id:)', [...], false)
 2 SYSTEMPATH\Model.php(326): CodeIgniter\Database\BaseBuilder->insert()
 3 SYSTEMPATH\BaseModel.php(802): CodeIgniter\Model->doInsert([...])
 4 SYSTEMPATH\Model.php(744): CodeIgniter\BaseModel->insert([...], true)
 5 APPPATH\Controllers\DispositivoController.php(78): CodeIgniter\Model->insert([...])
 6 SYSTEMPATH\CodeIgniter.php(941): App\Controllers\DispositivoController->registrarDispositivo()
 7 SYSTEMPATH\CodeIgniter.php(502): CodeIgniter\CodeIgniter->runController(Object(App\Controllers\DispositivoController))
 8 SYSTEMPATH\CodeIgniter.php(361): CodeIgniter\CodeIgniter->handleRequest(null, Object(Config\Cache), false)
 9 FCPATH\index.php(79): CodeIgniter\CodeIgniter->run()
CRITICAL - 2024-04-02 14:35:17 --> [Caused by] CodeIgniter\Database\Exceptions\DatabaseException: Unknown column 'tipoDispositivo' in 'field list'
in SYSTEMPATH\Database\MySQLi\Connection.php on line 311.
 1 SYSTEMPATH\Database\BaseConnection.php(693): CodeIgniter\Database\MySQLi\Connection->execute('INSERT INTO `dispositivos` (`tipoDispositivo`, `marca`, `modelo`, `color`, `serial`, `diagnostico`, `cliente_id`) VALUES (\'torre\', \'dragon\', \'2020\', \'negro\', \'1234565433\', \'cambio del disco duro\', \'2\')')
 2 SYSTEMPATH\Database\BaseConnection.php(607): CodeIgniter\Database\BaseConnection->simpleQuery('INSERT INTO `dispositivos` (`tipoDispositivo`, `marca`, `modelo`, `color`, `serial`, `diagnostico`, `cliente_id`) VALUES (\'torre\', \'dragon\', \'2020\', \'negro\', \'1234565433\', \'cambio del disco duro\', \'2\')')
 3 SYSTEMPATH\Database\BaseBuilder.php(2307): CodeIgniter\Database\BaseConnection->query('INSERT INTO `dispositivos` (`tipoDispositivo`, `marca`, `modelo`, `color`, `serial`, `diagnostico`, `cliente_id`) VALUES (:tipoDispositivo:, :marca:, :modelo:, :color:, :serial:, :diagnostico:, :cliente_id:)', [...], false)
 4 SYSTEMPATH\Model.php(326): CodeIgniter\Database\BaseBuilder->insert()
 5 SYSTEMPATH\BaseModel.php(802): CodeIgniter\Model->doInsert([...])
 6 SYSTEMPATH\Model.php(744): CodeIgniter\BaseModel->insert([...], true)
 7 APPPATH\Controllers\DispositivoController.php(78): CodeIgniter\Model->insert([...])
 8 SYSTEMPATH\CodeIgniter.php(941): App\Controllers\DispositivoController->registrarDispositivo()
 9 SYSTEMPATH\CodeIgniter.php(502): CodeIgniter\CodeIgniter->runController(Object(App\Controllers\DispositivoController))
10 SYSTEMPATH\CodeIgniter.php(361): CodeIgniter\CodeIgniter->handleRequest(null, Object(Config\Cache), false)
11 FCPATH\index.php(79): CodeIgniter\CodeIgniter->run()
CRITICAL - 2024-04-02 14:35:17 --> [Caused by] mysqli_sql_exception: Unknown column 'tipoDispositivo' in 'field list'
in SYSTEMPATH\Database\MySQLi\Connection.php on line 306.
 1 SYSTEMPATH\Database\MySQLi\Connection.php(306): mysqli->query('INSERT INTO `dispositivos` (`tipoDispositivo`, `marca`, `modelo`, `color`, `serial`, `diagnostico`, `cliente_id`) VALUES (\'torre\', \'dragon\', \'2020\', \'negro\', \'1234565433\', \'cambio del disco duro\', \'2\')', 0)
 2 SYSTEMPATH\Database\BaseConnection.php(693): CodeIgniter\Database\MySQLi\Connection->execute('INSERT INTO `dispositivos` (`tipoDispositivo`, `marca`, `modelo`, `color`, `serial`, `diagnostico`, `cliente_id`) VALUES (\'torre\', \'dragon\', \'2020\', \'negro\', \'1234565433\', \'cambio del disco duro\', \'2\')')
 3 SYSTEMPATH\Database\BaseConnection.php(607): CodeIgniter\Database\BaseConnection->simpleQuery('INSERT INTO `dispositivos` (`tipoDispositivo`, `marca`, `modelo`, `color`, `serial`, `diagnostico`, `cliente_id`) VALUES (\'torre\', \'dragon\', \'2020\', \'negro\', \'1234565433\', \'cambio del disco duro\', \'2\')')
 4 SYSTEMPATH\Database\BaseBuilder.php(2307): CodeIgniter\Database\BaseConnection->query('INSERT INTO `dispositivos` (`tipoDispositivo`, `marca`, `modelo`, `color`, `serial`, `diagnostico`, `cliente_id`) VALUES (:tipoDispositivo:, :marca:, :modelo:, :color:, :serial:, :diagnostico:, :cliente_id:)', [...], false)
 5 SYSTEMPATH\Model.php(326): CodeIgniter\Database\BaseBuilder->insert()
 6 SYSTEMPATH\BaseModel.php(802): CodeIgniter\Model->doInsert([...])
 7 SYSTEMPATH\Model.php(744): CodeIgniter\BaseModel->insert([...], true)
 8 APPPATH\Controllers\DispositivoController.php(78): CodeIgniter\Model->insert([...])
 9 SYSTEMPATH\CodeIgniter.php(941): App\Controllers\DispositivoController->registrarDispositivo()
10 SYSTEMPATH\CodeIgniter.php(502): CodeIgniter\CodeIgniter->runController(Object(App\Controllers\DispositivoController))
11 SYSTEMPATH\CodeIgniter.php(361): CodeIgniter\CodeIgniter->handleRequest(null, Object(Config\Cache), false)
12 FCPATH\index.php(79): CodeIgniter\CodeIgniter->run()
INFO - 2024-04-02 15:13:19 --> REDIRECTED ROUTE at http://localhost/computrack/public/facturas/crear
INFO - 2024-04-02 15:13:32 --> REDIRECTED ROUTE at http://localhost/computrack/public/facturas/crear
ERROR - 2024-04-02 15:26:09 --> mysqli_sql_exception: Unknown column 'tipoDispositivo' in 'field list' in C:\xampp\htdocs\computrack\system\Database\MySQLi\Connection.php:306
Stack trace:
#0 C:\xampp\htdocs\computrack\system\Database\MySQLi\Connection.php(306): mysqli->query('INSERT INTO `di...', 0)
#1 C:\xampp\htdocs\computrack\system\Database\BaseConnection.php(693): CodeIgniter\Database\MySQLi\Connection->execute('INSERT INTO `di...')
#2 C:\xampp\htdocs\computrack\system\Database\BaseConnection.php(607): CodeIgniter\Database\BaseConnection->simpleQuery('INSERT INTO `di...')
#3 C:\xampp\htdocs\computrack\system\Database\BaseBuilder.php(2307): CodeIgniter\Database\BaseConnection->query('INSERT INTO `di...', Array, false)
#4 C:\xampp\htdocs\computrack\system\Model.php(326): CodeIgniter\Database\BaseBuilder->insert()
#5 C:\xampp\htdocs\computrack\system\BaseModel.php(802): CodeIgniter\Model->doInsert(Array)
#6 C:\xampp\htdocs\computrack\system\Model.php(744): CodeIgniter\BaseModel->insert(Array, true)
#7 C:\xampp\htdocs\computrack\app\Controllers\DispositivoController.php(78): CodeIgniter\Model->insert(Array)
#8 C:\xampp\htdocs\computrack\system\CodeIgniter.php(941): App\Controllers\DispositivoController->registrarDispositivo()
#9 C:\xampp\htdocs\computrack\system\CodeIgniter.php(502): CodeIgniter\CodeIgniter->runController(Object(App\Controllers\DispositivoController))
#10 C:\xampp\htdocs\computrack\system\CodeIgniter.php(361): CodeIgniter\CodeIgniter->handleRequest(NULL, Object(Config\Cache), false)
#11 C:\xampp\htdocs\computrack\public\index.php(79): CodeIgniter\CodeIgniter->run()
#12 {main}
CRITICAL - 2024-04-02 15:26:09 --> CodeIgniter\Database\Exceptions\DatabaseException: Unknown column 'tipoDispositivo' in 'field list'
in SYSTEMPATH\Database\BaseConnection.php on line 647.
 1 SYSTEMPATH\Database\BaseBuilder.php(2307): CodeIgniter\Database\BaseConnection->query('INSERT INTO `dispositivos` (`tipoDispositivo`, `marca`, `modelo`, `color`, `serial`, `diagnostico`, `cliente_id`) VALUES (:tipoDispositivo:, :marca:, :modelo:, :color:, :serial:, :diagnostico:, :cliente_id:)', [...], false)
 2 SYSTEMPATH\Model.php(326): CodeIgniter\Database\BaseBuilder->insert()
 3 SYSTEMPATH\BaseModel.php(802): CodeIgniter\Model->doInsert([...])
 4 SYSTEMPATH\Model.php(744): CodeIgniter\BaseModel->insert([...], true)
 5 APPPATH\Controllers\DispositivoController.php(78): CodeIgniter\Model->insert([...])
 6 SYSTEMPATH\CodeIgniter.php(941): App\Controllers\DispositivoController->registrarDispositivo()
 7 SYSTEMPATH\CodeIgniter.php(502): CodeIgniter\CodeIgniter->runController(Object(App\Controllers\DispositivoController))
 8 SYSTEMPATH\CodeIgniter.php(361): CodeIgniter\CodeIgniter->handleRequest(null, Object(Config\Cache), false)
 9 FCPATH\index.php(79): CodeIgniter\CodeIgniter->run()
CRITICAL - 2024-04-02 15:26:09 --> [Caused by] CodeIgniter\Database\Exceptions\DatabaseException: Unknown column 'tipoDispositivo' in 'field list'
in SYSTEMPATH\Database\MySQLi\Connection.php on line 311.
 1 SYSTEMPATH\Database\BaseConnection.php(693): CodeIgniter\Database\MySQLi\Connection->execute('INSERT INTO `dispositivos` (`tipoDispositivo`, `marca`, `modelo`, `color`, `serial`, `diagnostico`, `cliente_id`) VALUES (\'portatil\', \'asus\', \'2020\', \'azul\', \'23432123\', \'dañada\', \'2\')')
 2 SYSTEMPATH\Database\BaseConnection.php(607): CodeIgniter\Database\BaseConnection->simpleQuery('INSERT INTO `dispositivos` (`tipoDispositivo`, `marca`, `modelo`, `color`, `serial`, `diagnostico`, `cliente_id`) VALUES (\'portatil\', \'asus\', \'2020\', \'azul\', \'23432123\', \'dañada\', \'2\')')
 3 SYSTEMPATH\Database\BaseBuilder.php(2307): CodeIgniter\Database\BaseConnection->query('INSERT INTO `dispositivos` (`tipoDispositivo`, `marca`, `modelo`, `color`, `serial`, `diagnostico`, `cliente_id`) VALUES (:tipoDispositivo:, :marca:, :modelo:, :color:, :serial:, :diagnostico:, :cliente_id:)', [...], false)
 4 SYSTEMPATH\Model.php(326): CodeIgniter\Database\BaseBuilder->insert()
 5 SYSTEMPATH\BaseModel.php(802): CodeIgniter\Model->doInsert([...])
 6 SYSTEMPATH\Model.php(744): CodeIgniter\BaseModel->insert([...], true)
 7 APPPATH\Controllers\DispositivoController.php(78): CodeIgniter\Model->insert([...])
 8 SYSTEMPATH\CodeIgniter.php(941): App\Controllers\DispositivoController->registrarDispositivo()
 9 SYSTEMPATH\CodeIgniter.php(502): CodeIgniter\CodeIgniter->runController(Object(App\Controllers\DispositivoController))
10 SYSTEMPATH\CodeIgniter.php(361): CodeIgniter\CodeIgniter->handleRequest(null, Object(Config\Cache), false)
11 FCPATH\index.php(79): CodeIgniter\CodeIgniter->run()
CRITICAL - 2024-04-02 15:26:09 --> [Caused by] mysqli_sql_exception: Unknown column 'tipoDispositivo' in 'field list'
in SYSTEMPATH\Database\MySQLi\Connection.php on line 306.
 1 SYSTEMPATH\Database\MySQLi\Connection.php(306): mysqli->query('INSERT INTO `dispositivos` (`tipoDispositivo`, `marca`, `modelo`, `color`, `serial`, `diagnostico`, `cliente_id`) VALUES (\'portatil\', \'asus\', \'2020\', \'azul\', \'23432123\', \'dañada\', \'2\')', 0)
 2 SYSTEMPATH\Database\BaseConnection.php(693): CodeIgniter\Database\MySQLi\Connection->execute('INSERT INTO `dispositivos` (`tipoDispositivo`, `marca`, `modelo`, `color`, `serial`, `diagnostico`, `cliente_id`) VALUES (\'portatil\', \'asus\', \'2020\', \'azul\', \'23432123\', \'dañada\', \'2\')')
 3 SYSTEMPATH\Database\BaseConnection.php(607): CodeIgniter\Database\BaseConnection->simpleQuery('INSERT INTO `dispositivos` (`tipoDispositivo`, `marca`, `modelo`, `color`, `serial`, `diagnostico`, `cliente_id`) VALUES (\'portatil\', \'asus\', \'2020\', \'azul\', \'23432123\', \'dañada\', \'2\')')
 4 SYSTEMPATH\Database\BaseBuilder.php(2307): CodeIgniter\Database\BaseConnection->query('INSERT INTO `dispositivos` (`tipoDispositivo`, `marca`, `modelo`, `color`, `serial`, `diagnostico`, `cliente_id`) VALUES (:tipoDispositivo:, :marca:, :modelo:, :color:, :serial:, :diagnostico:, :cliente_id:)', [...], false)
 5 SYSTEMPATH\Model.php(326): CodeIgniter\Database\BaseBuilder->insert()
 6 SYSTEMPATH\BaseModel.php(802): CodeIgniter\Model->doInsert([...])
 7 SYSTEMPATH\Model.php(744): CodeIgniter\BaseModel->insert([...], true)
 8 APPPATH\Controllers\DispositivoController.php(78): CodeIgniter\Model->insert([...])
 9 SYSTEMPATH\CodeIgniter.php(941): App\Controllers\DispositivoController->registrarDispositivo()
10 SYSTEMPATH\CodeIgniter.php(502): CodeIgniter\CodeIgniter->runController(Object(App\Controllers\DispositivoController))
11 SYSTEMPATH\CodeIgniter.php(361): CodeIgniter\CodeIgniter->handleRequest(null, Object(Config\Cache), false)
12 FCPATH\index.php(79): CodeIgniter\CodeIgniter->run()
INFO - 2024-04-02 15:26:56 --> REDIRECTED ROUTE at http://localhost/computrack/public/facturas/crear
